<?xml version="1.0" encoding="UTF-8"?>
<!-- Generated by org.testng.reporters.JUnitReportReporter -->
<testsuite hostname="SuneelReddy-PC" name="testcase.HandlingOfElements" tests="1" failures="0" timestamp="28 Nov 2016 23:36:34 GMT" time="2.104" errors="0">
  <testcase name="findElement" time="2.104" classname="testcase.HandlingOfElements"/>
</testsuite> <!-- testcase.HandlingOfElements -->
