<?xml version="1.0" encoding="UTF-8"?>
<!-- Generated by org.testng.reporters.JUnitReportReporter -->
<testsuite hostname="SuneelReddy-PC" name="testcase.TestAllObjects" tests="1" failures="0" timestamp="29 Nov 2016 07:43:36 GMT" time="6.044" errors="0">
  <testcase name="testAll" time="6.044" classname="testcase.TestAllObjects"/>
</testsuite> <!-- testcase.TestAllObjects -->
